<?xml version="1.0" encoding="UTF-8"?>
<!-- Generated by org.testng.reporters.JUnitReportReporter -->
<testsuite skipped="0" hostname="LAPTOP-SQ84VLKK" name="com.rental.car.TestCases" tests="4" failures="0" timestamp="2020-09-07T08:40:20 PDT" time="3.945" errors="0">
  <testcase name="getRequest_Returns_ListOfAllCars" time="2.389" classname="com.rental.car.TestCases"/>
  <testcase name="getRequest_Returns_TeslaCarswithBlueColorandNotes" time="0.791" classname="com.rental.car.TestCases"/>
  <testcase name="getRequest_Returns_LowestPerDayRentWithPriceAndWithPriceAfterDiscount" time="0.236" classname="com.rental.car.TestCases"/>
  <testcase name="getRequest_Returns_HightestRevenueForLastYear" time="0.529" classname="com.rental.car.TestCases"/>
</testsuite> <!-- com.rental.car.TestCases -->
